<?xml version="1.0" encoding="UTF-8"?>
<!-- Generated by org.testng.reporters.JUnitReportReporter -->
<testsuite skipped="0" hostname="SC-201207261048" name="com.iappium.testcase.YynCases" tests="1" failures="0" timestamp="21 Sep 2020 08:06:55 GMT" time="10.000" errors="0">
  <testcase name="enterMini" time="10.000" classname="com.iappium.testcase.YynCases"/>
</testsuite> <!-- com.iappium.testcase.YynCases -->
