<?xml version="1.0" encoding="UTF-8"?>
<!-- Generated by org.testng.reporters.JUnitReportReporter -->
<testsuite skipped="0" hostname="SC-201207261048" name="com.iappium.business.TestCase" tests="1" failures="0" timestamp="17 Aug 2020 08:57:01 GMT" time="33.660" errors="0">
  <testcase name="cases" time="33.660" classname="com.iappium.business.TestCase"/>
</testsuite> <!-- com.iappium.business.TestCase -->
